<?xml version="1.0" encoding="UTF-8"?>
<!-- Generated by org.testng.reporters.JUnitXMLReporter -->
<testsuite hostname="DESKTOP-OSQ54A4" ignored="0" name="Default test" tests="2" failures="0" timestamp="21 Mar 2020 20:34:21 GMT" time="86.58" errors="0">
  <testcase name="runScenario" time="8.508" classname="cucumber.api.testng.AbstractTestNGCucumberTests"/>
  <testcase name="runScenario" time="39.529" classname="cucumber.api.testng.AbstractTestNGCucumberTests"/>
</testsuite> <!-- Default test -->
