<?xml version="1.0" encoding="UTF-8"?>
<!-- Generated by org.testng.reporters.JUnitXMLReporter -->
<testsuite hostname="DESKTOP-OSQ54A4" ignored="0" name="Default test" tests="2" failures="0" timestamp="22 Mar 2020 11:03:04 GMT" time="79.201" errors="0">
  <testcase name="runScenario" time="5.606" classname="cucumber.api.testng.AbstractTestNGCucumberTests"/>
  <testcase name="runScenario" time="35.949" classname="cucumber.api.testng.AbstractTestNGCucumberTests"/>
</testsuite> <!-- Default test -->
